2024.07.03 17:40:57 INFO  Started: Metals version 1.3.2 in folders '/Users/dieuveillesuthimpounkouonkoud/Documents/GitHub/2023-server-gros-test-socializus-eu/Webview/FunctionalProg' for client Visual Studio Code 1.87.1.
SLF4J(W): Class path contains multiple SLF4J providers.
SLF4J(W): Found provider [scribe.slf4j.ScribeServiceProvider@67e84114]
SLF4J(W): Found provider [ch.qos.logback.classic.spi.LogbackServiceProvider@63ec2a76]
SLF4J(W): See https://www.slf4j.org/codes.html#multiple_bindings for an explanation.
SLF4J(I): Actual provider is of type [scribe.slf4j.ScribeServiceProvider@67e84114]
2024.07.03 17:40:57 WARN  Flyway upgrade recommended: H2 2.2.224 is newer than this version of Flyway and support has not been tested. The latest supported version of H2 is 2.2.220.
2024.07.03 17:40:58 INFO  no build target found for /Users/dieuveillesuthimpounkouonkoud/Documents/GitHub/2023-server-gros-test-socializus-eu/Webview/FunctionalProg/FunctionalProgramming/src/main/scala/com/mygraph/TopologicalSort.scala. Using presentation compiler with project's scala-library version: 3.3.3
2024.07.03 17:41:11 INFO  no build target found for /Users/dieuveillesuthimpounkouonkoud/Documents/GitHub/2023-server-gros-test-socializus-eu/Webview/FunctionalProg/FunctionalProgramming/src/main/scala/com/mygraph/TopologicalSort.scala. Using presentation compiler with project's scala-library version: 3.3.3
2024.07.03 17:41:13 INFO  no build target found for /Users/dieuveillesuthimpounkouonkoud/Documents/GitHub/2023-server-gros-test-socializus-eu/Webview/FunctionalProg/FunctionalProgramming/src/main/scala/com/mygraph/TopologicalSort.scala. Using presentation compiler with project's scala-library version: 3.3.3
2024.07.03 17:41:13 INFO  no build target found for /Users/dieuveillesuthimpounkouonkoud/Documents/GitHub/2023-server-gros-test-socializus-eu/Webview/FunctionalProg/FunctionalProgramming/src/main/scala/com/mygraph/TopologicalSort.scala. Using presentation compiler with project's scala-library version: 3.3.3
2024.07.03 17:41:13 INFO  no build target found for /Users/dieuveillesuthimpounkouonkoud/Documents/GitHub/2023-server-gros-test-socializus-eu/Webview/FunctionalProg/FunctionalProgramming/src/main/scala/com/mygraph/TopologicalSort.scala. Using presentation compiler with project's scala-library version: 3.3.3
2024.07.03 17:41:14 WARN  no build target for: /Users/dieuveillesuthimpounkouonkoud/Documents/GitHub/2023-server-gros-test-socializus-eu/Webview/FunctionalProg/FunctionalProgramming/src/main/scala/com/mygraph/TopologicalSort.scala
2024.07.03 17:41:14 INFO  no build target found for /Users/dieuveillesuthimpounkouonkoud/Documents/GitHub/2023-server-gros-test-socializus-eu/Webview/FunctionalProg/FunctionalProgramming/src/main/scala/com/mygraph/TopologicalSort.scala. Using presentation compiler with project's scala-library version: 3.3.3
2024.07.03 17:41:30 INFO  no build target found for /Users/dieuveillesuthimpounkouonkoud/Documents/GitHub/2023-server-gros-test-socializus-eu/Webview/FunctionalProg/FunctionalProgramming/src/test/scala/com/mygraph/TopologicalSortSpec.scala. Using presentation compiler with project's scala-library version: 3.3.3
2024.07.03 17:41:30 INFO  no build target found for /Users/dieuveillesuthimpounkouonkoud/Documents/GitHub/2023-server-gros-test-socializus-eu/Webview/FunctionalProg/FunctionalProgramming/src/test/scala/com/mygraph/TopologicalSortSpec.scala. Using presentation compiler with project's scala-library version: 3.3.3
2024.07.03 17:41:33 INFO  no build target found for /Users/dieuveillesuthimpounkouonkoud/Documents/GitHub/2023-server-gros-test-socializus-eu/Webview/FunctionalProg/FunctionalProgramming/src/test/scala/com/mygraph/TopologicalSortSpec.scala. Using presentation compiler with project's scala-library version: 3.3.3
2024.07.03 17:41:33 INFO  no build target found for /Users/dieuveillesuthimpounkouonkoud/Documents/GitHub/2023-server-gros-test-socializus-eu/Webview/FunctionalProg/FunctionalProgramming/src/test/scala/com/mygraph/TopologicalSortSpec.scala. Using presentation compiler with project's scala-library version: 3.3.3
2024.07.03 17:41:34 WARN  no build target for: /Users/dieuveillesuthimpounkouonkoud/Documents/GitHub/2023-server-gros-test-socializus-eu/Webview/FunctionalProg/FunctionalProgramming/src/test/scala/com/mygraph/TopologicalSortSpec.scala
2024.07.03 17:41:34 INFO  no build target found for /Users/dieuveillesuthimpounkouonkoud/Documents/GitHub/2023-server-gros-test-socializus-eu/Webview/FunctionalProg/FunctionalProgramming/src/test/scala/com/mygraph/TopologicalSortSpec.scala. Using presentation compiler with project's scala-library version: 3.3.3
2024.07.03 17:41:36 INFO  no build target found for /Users/dieuveillesuthimpounkouonkoud/Documents/GitHub/2023-server-gros-test-socializus-eu/Webview/FunctionalProg/FunctionalProgramming/src/main/scala/com/mygraph/DirectedGraph.scala. Using presentation compiler with project's scala-library version: 3.3.3
2024.07.03 17:41:36 INFO  no build target found for /Users/dieuveillesuthimpounkouonkoud/Documents/GitHub/2023-server-gros-test-socializus-eu/Webview/FunctionalProg/FunctionalProgramming/src/main/scala/com/mygraph/DirectedGraph.scala. Using presentation compiler with project's scala-library version: 3.3.3
2024.07.03 17:41:37 INFO  no build target found for /Users/dieuveillesuthimpounkouonkoud/Documents/GitHub/2023-server-gros-test-socializus-eu/Webview/FunctionalProg/FunctionalProgramming/src/main/scala/com/mygraph/DirectedGraph.scala. Using presentation compiler with project's scala-library version: 3.3.3
2024.07.03 17:42:43 INFO  no build target found for /Users/dieuveillesuthimpounkouonkoud/Documents/GitHub/2023-server-gros-test-socializus-eu/Webview/FunctionalProg/FunctionalProgramming/src/main/scala/com/mygraph/TopologicalSort.scala. Using presentation compiler with project's scala-library version: 3.3.3
2024.07.03 17:44:40 INFO  no build target found for /Users/dieuveillesuthimpounkouonkoud/Documents/GitHub/2023-server-gros-test-socializus-eu/Webview/FunctionalProg/FunctionalProgramming/src/main/scala/com/mygraph/TopologicalSort.scala. Using presentation compiler with project's scala-library version: 3.3.3
2024.07.03 17:44:55 INFO  no build target found for /Users/dieuveillesuthimpounkouonkoud/Documents/GitHub/2023-server-gros-test-socializus-eu/Webview/FunctionalProg/FunctionalProgramming/src/main/scala/com/mygraph/TopologicalSort.scala. Using presentation compiler with project's scala-library version: 3.3.3
2024.07.03 17:46:29 INFO  no build target found for /Users/dieuveillesuthimpounkouonkoud/Documents/GitHub/2023-server-gros-test-socializus-eu/Webview/FunctionalProg/FunctionalProgramming/src/main/scala/com/mygraph/TopologicalSort.scala. Using presentation compiler with project's scala-library version: 3.3.3
